[2025-07-12 11:46:11,788] 1025 httpx - INFO - HTTP Request: GET https://dagshub.com/api/v1/user "HTTP/1.1 200 OK"
[2025-07-12 11:46:11,809] 107 dagshub - INFO - Accessing as abheshith7
[2025-07-12 11:46:12,309] 1025 httpx - INFO - HTTP Request: GET https://dagshub.com/api/v1/repos/abheshith7/MachineLearning_PipeLine "HTTP/1.1 200 OK"
[2025-07-12 11:46:12,709] 1025 httpx - INFO - HTTP Request: GET https://dagshub.com/api/v1/user "HTTP/1.1 200 OK"
[2025-07-12 11:46:12,719] 107 dagshub - INFO - Initialized MLflow to track repo "abheshith7/MachineLearning_PipeLine"
[2025-07-12 11:46:12,725] 107 dagshub - INFO - Repository abheshith7/MachineLearning_PipeLine initialized!
[2025-07-12 11:46:13,333] 1025 httpx - INFO - HTTP Request: GET https://dagshub.com/api/v1/repos/abheshith7/MachineLearning_PipeLine "HTTP/1.1 200 OK"
[2025-07-12 11:46:13,341] 107 dagshub - INFO - Initialized MLflow to track repo "abheshith7/MachineLearning_PipeLine"
[2025-07-12 11:46:13,343] 107 dagshub - INFO - Repository abheshith7/MachineLearning_PipeLine initialized!
[2025-07-12 11:46:13,343] 28 src.mlpipeline.logging - INFO - >>>>>> stage Data Ingestion Stage started <<<<<<
[2025-07-12 11:46:13,353] 25 src.mlpipeline.logging - INFO - yaml file: config\config.yaml loaded sucessfully
[2025-07-12 11:46:13,356] 25 src.mlpipeline.logging - INFO - yaml file: config\params.yaml loaded sucessfully
[2025-07-12 11:46:13,363] 25 src.mlpipeline.logging - INFO - yaml file: config\schema.yaml loaded sucessfully
[2025-07-12 11:46:13,363] 44 src.mlpipeline.logging - INFO - Creating a Directory at: artifacts
[2025-07-12 11:46:13,363] 44 src.mlpipeline.logging - INFO - Creating a Directory at: artifacts/data_ingestion
[2025-07-12 11:46:13,363] 35 src.mlpipeline.logging - INFO - artifacts\data_ingestion\train.csv already exists. Skipping download.
[2025-07-12 11:46:13,363] 44 src.mlpipeline.logging - INFO - No zip files found to extract.
[2025-07-12 11:46:13,363] 31 src.mlpipeline.logging - INFO - >>>>>> stage Data Ingestion Stage completed <<<<<<
[2025-07-12 11:46:13,363] 41 src.mlpipeline.logging - INFO - >>>>>> stage Data Validation Stage started <<<<<<
[2025-07-12 11:46:13,367] 25 src.mlpipeline.logging - INFO - yaml file: config\config.yaml loaded sucessfully
[2025-07-12 11:46:13,375] 25 src.mlpipeline.logging - INFO - yaml file: config\params.yaml loaded sucessfully
[2025-07-12 11:46:13,381] 25 src.mlpipeline.logging - INFO - yaml file: config\schema.yaml loaded sucessfully
[2025-07-12 11:46:13,381] 44 src.mlpipeline.logging - INFO - Creating a Directory at: artifacts
[2025-07-12 11:46:13,381] 44 src.mlpipeline.logging - INFO - Creating a Directory at: artifacts/data_validation
[2025-07-12 11:46:13,919] 23 src.mlpipeline.logging - INFO - Data columns: ['id', 'Sex', 'Age', 'Height', 'Weight', 'Duration', 'Heart_Rate', 'Body_Temp', 'Calories']
[2025-07-12 11:46:13,919] 24 src.mlpipeline.logging - INFO - Schema columns: ['id', 'Sex', 'Age', 'Height', 'Weight', 'Duration', 'Heart_Rate', 'Body_Temp', 'Calories']
[2025-07-12 11:46:13,919] 51 src.mlpipeline.logging - INFO - All columns validation passed!
[2025-07-12 11:46:13,923] 44 src.mlpipeline.logging - INFO - >>>>>> stage Data Validation Stage completed <<<<<<
[2025-07-12 11:46:13,923] 54 src.mlpipeline.logging - INFO - >>>>>> stage Data Transformation Stage started <<<<<<
[2025-07-12 11:46:13,931] 27 src.mlpipeline.logging - INFO - Validation status: True
[2025-07-12 11:46:13,933] 25 src.mlpipeline.logging - INFO - yaml file: config\config.yaml loaded sucessfully
[2025-07-12 11:46:13,933] 25 src.mlpipeline.logging - INFO - yaml file: config\params.yaml loaded sucessfully
[2025-07-12 11:46:13,933] 25 src.mlpipeline.logging - INFO - yaml file: config\schema.yaml loaded sucessfully
[2025-07-12 11:46:13,933] 44 src.mlpipeline.logging - INFO - Creating a Directory at: artifacts
[2025-07-12 11:46:13,933] 44 src.mlpipeline.logging - INFO - Creating a Directory at: artifacts/data_transformation
[2025-07-12 11:46:14,674] 16 src.mlpipeline.logging - INFO - Original data loaded: (750000, 9)
[2025-07-12 11:46:14,759] 20 src.mlpipeline.logging - INFO - Feature engineering completed: (750000, 13)
[2025-07-12 11:46:15,241] 34 src.mlpipeline.logging - INFO - Starting statistical tests...
[2025-07-12 11:46:15,558] 83 src.mlpipeline.logging - INFO - Statistical test results saved to artifacts\data_transformation\statstestresults.txt
[2025-07-12 11:46:23,684] 33 src.mlpipeline.logging - INFO - Train and test data split completed.
[2025-07-12 11:46:23,684] 34 src.mlpipeline.logging - INFO - Train data shape: (600000, 13)
[2025-07-12 11:46:23,684] 35 src.mlpipeline.logging - INFO - Test data shape: (150000, 13)
[2025-07-12 11:46:23,701] 57 src.mlpipeline.logging - INFO - >>>>>> stage Data Transformation Stage completed <<<<<<
[2025-07-12 11:46:23,701] 67 src.mlpipeline.logging - INFO - >>>>>> stage Model Training Stage started <<<<<<
[2025-07-12 11:46:23,710] 25 src.mlpipeline.logging - INFO - yaml file: config\config.yaml loaded sucessfully
[2025-07-12 11:46:23,712] 25 src.mlpipeline.logging - INFO - yaml file: config\params.yaml loaded sucessfully
[2025-07-12 11:46:23,714] 25 src.mlpipeline.logging - INFO - yaml file: config\schema.yaml loaded sucessfully
[2025-07-12 11:46:23,714] 44 src.mlpipeline.logging - INFO - Creating a Directory at: artifacts
[2025-07-12 11:46:23,714] 44 src.mlpipeline.logging - INFO - Creating a Directory at: artifacts/model_trainer
[2025-07-12 11:46:23,714] 15 src.mlpipeline.logging - INFO - Starting model training...
[2025-07-12 11:46:24,741] 21 src.mlpipeline.logging - INFO - Training data shape: (600000, 13)
[2025-07-12 11:46:24,741] 22 src.mlpipeline.logging - INFO - Test data shape: (150000, 13)
[2025-07-12 11:46:24,775] 33 src.mlpipeline.logging - INFO - Features used: ['Sex', 'Age', 'Height', 'Weight', 'Duration', 'Heart_Rate', 'Body_Temp', 'BMI', 'Calories_per_min', 'Age_Weight', 'Heart_Temp']
[2025-07-12 11:46:24,775] 34 src.mlpipeline.logging - INFO - Target: Calories
[2025-07-12 11:46:24,775] 44 src.mlpipeline.logging - INFO - Training RandomForest model...
[2025-07-12 11:47:19,839] 56 src.mlpipeline.logging - INFO - Model training completed!
[2025-07-12 11:47:19,839] 57 src.mlpipeline.logging - INFO - Test RMSE: 2.1024
[2025-07-12 11:47:19,839] 58 src.mlpipeline.logging - INFO - Test R2 Score: 0.9989
[2025-07-12 11:47:19,952] 67 src.mlpipeline.logging - INFO - Model saved to: artifacts\model_trainer\model.joblib
[2025-07-12 11:47:19,963] 70 src.mlpipeline.logging - INFO - >>>>>> stage Model Training Stage completed <<<<<<
[2025-07-12 11:47:19,963] 80 src.mlpipeline.logging - INFO - >>>>>> stage Model Evaluation Stage started <<<<<<
[2025-07-12 11:47:19,968] 25 src.mlpipeline.logging - INFO - yaml file: config\config.yaml loaded sucessfully
[2025-07-12 11:47:19,968] 25 src.mlpipeline.logging - INFO - yaml file: config\params.yaml loaded sucessfully
[2025-07-12 11:47:19,968] 25 src.mlpipeline.logging - INFO - yaml file: config\schema.yaml loaded sucessfully
[2025-07-12 11:47:19,968] 44 src.mlpipeline.logging - INFO - Creating a Directory at: artifacts
[2025-07-12 11:47:19,968] 44 src.mlpipeline.logging - INFO - Creating a Directory at: artifacts/model_evaluation
[2025-07-12 11:47:27,574] 58 src.mlpipeline.logging - INFO - json file saved at: artifacts\model_evaluation\metrics.json
[2025-07-12 11:47:28,489] 81 src.mlpipeline.logging - WARNING - Failed to log model to MLflow: INTERNAL_ERROR: Response: {'error': 'unsupported endpoint, please contact support@dagshub.com'}
[2025-07-12 11:47:28,489] 85 src.mlpipeline.logging - INFO - Model evaluation completed successfully
[2025-07-12 11:47:29,308] 83 src.mlpipeline.logging - INFO - >>>>>> stage Model Evaluation Stage completed <<<<<<
