[2025-07-12 11:33:30,941] 1025 httpx - INFO - HTTP Request: GET https://dagshub.com/api/v1/user "HTTP/1.1 200 OK"
[2025-07-12 11:33:30,957] 107 dagshub - INFO - Accessing as abheshith7
[2025-07-12 11:33:31,341] 1025 httpx - INFO - HTTP Request: GET https://dagshub.com/api/v1/repos/abheshith7/MachineLearning_PipeLine "HTTP/1.1 200 OK"
[2025-07-12 11:33:31,694] 1025 httpx - INFO - HTTP Request: GET https://dagshub.com/api/v1/user "HTTP/1.1 200 OK"
[2025-07-12 11:33:31,703] 107 dagshub - INFO - Initialized MLflow to track repo "abheshith7/MachineLearning_PipeLine"
[2025-07-12 11:33:31,703] 107 dagshub - INFO - Repository abheshith7/MachineLearning_PipeLine initialized!
[2025-07-12 11:33:32,121] 1025 httpx - INFO - HTTP Request: GET https://dagshub.com/api/v1/repos/abheshith7/MachineLearning_PipeLine "HTTP/1.1 200 OK"
[2025-07-12 11:33:32,131] 107 dagshub - INFO - Initialized MLflow to track repo "abheshith7/MachineLearning_PipeLine"
[2025-07-12 11:33:32,131] 107 dagshub - INFO - Repository abheshith7/MachineLearning_PipeLine initialized!
[2025-07-12 11:33:32,131] 25 src.mlpipeline.logging - INFO - >>>>>> stage Data Ingestion Stage started <<<<<<
[2025-07-12 11:33:32,131] 25 src.mlpipeline.logging - INFO - yaml file: config\config.yaml loaded sucessfully
[2025-07-12 11:33:32,131] 25 src.mlpipeline.logging - INFO - yaml file: config\params.yaml loaded sucessfully
[2025-07-12 11:33:32,131] 25 src.mlpipeline.logging - INFO - yaml file: config\schema.yaml loaded sucessfully
[2025-07-12 11:33:32,147] 44 src.mlpipeline.logging - INFO - Creating a Directory at: artifacts
[2025-07-12 11:33:32,147] 44 src.mlpipeline.logging - INFO - Creating a Directory at: artifacts/data_ingestion
[2025-07-12 11:33:32,147] 35 src.mlpipeline.logging - INFO - artifacts\data_ingestion\train.csv already exists. Skipping download.
[2025-07-12 11:33:32,149] 44 src.mlpipeline.logging - INFO - No zip files found to extract.
[2025-07-12 11:33:32,149] 28 src.mlpipeline.logging - INFO - >>>>>> stage Data Ingestion Stage completed <<<<<<
[2025-07-12 11:33:32,149] 36 src.mlpipeline.logging - INFO - >>>>>> stage Data Validation Stage started <<<<<<
[2025-07-12 11:33:32,155] 25 src.mlpipeline.logging - INFO - yaml file: config\config.yaml loaded sucessfully
[2025-07-12 11:33:32,157] 25 src.mlpipeline.logging - INFO - yaml file: config\params.yaml loaded sucessfully
[2025-07-12 11:33:32,158] 25 src.mlpipeline.logging - INFO - yaml file: config\schema.yaml loaded sucessfully
[2025-07-12 11:33:32,158] 44 src.mlpipeline.logging - INFO - Creating a Directory at: artifacts
[2025-07-12 11:33:32,159] 44 src.mlpipeline.logging - INFO - Creating a Directory at: artifacts/data_validation
[2025-07-12 11:33:32,516] 23 src.mlpipeline.logging - INFO - Data columns: ['id', 'Sex', 'Age', 'Height', 'Weight', 'Duration', 'Heart_Rate', 'Body_Temp', 'Calories']
[2025-07-12 11:33:32,516] 24 src.mlpipeline.logging - INFO - Schema columns: ['id', 'Sex', 'Age', 'Height', 'Weight', 'Duration', 'Heart_Rate', 'Body_Temp', 'Calories']
[2025-07-12 11:33:32,516] 51 src.mlpipeline.logging - INFO - All columns validation passed!
[2025-07-12 11:33:32,518] 39 src.mlpipeline.logging - INFO - >>>>>> stage Data Validation Stage completed <<<<<<
[2025-07-12 11:33:32,518] 47 src.mlpipeline.logging - INFO - >>>>>> stage Data Transformation Stage started <<<<<<
[2025-07-12 11:33:32,518] 27 src.mlpipeline.logging - INFO - Validation status: True
[2025-07-12 11:33:32,518] 25 src.mlpipeline.logging - INFO - yaml file: config\config.yaml loaded sucessfully
[2025-07-12 11:33:32,518] 25 src.mlpipeline.logging - INFO - yaml file: config\params.yaml loaded sucessfully
[2025-07-12 11:33:32,518] 25 src.mlpipeline.logging - INFO - yaml file: config\schema.yaml loaded sucessfully
[2025-07-12 11:33:32,518] 44 src.mlpipeline.logging - INFO - Creating a Directory at: artifacts
[2025-07-12 11:33:32,518] 44 src.mlpipeline.logging - INFO - Creating a Directory at: artifacts/data_transformation
[2025-07-12 11:33:32,876] 16 src.mlpipeline.logging - INFO - Original data loaded: (750000, 9)
[2025-07-12 11:33:32,954] 20 src.mlpipeline.logging - INFO - Feature engineering completed: (750000, 13)
[2025-07-12 11:33:33,201] 34 src.mlpipeline.logging - INFO - Starting statistical tests...
[2025-07-12 11:33:33,537] 83 src.mlpipeline.logging - INFO - Statistical test results saved to artifacts\data_transformation\statstestresults.txt
[2025-07-12 11:33:38,223] 33 src.mlpipeline.logging - INFO - Train and test data split completed.
[2025-07-12 11:33:38,223] 34 src.mlpipeline.logging - INFO - Train data shape: (600000, 13)
[2025-07-12 11:33:38,223] 35 src.mlpipeline.logging - INFO - Test data shape: (150000, 13)
[2025-07-12 11:33:38,235] 50 src.mlpipeline.logging - INFO - >>>>>> stage Data Transformation Stage completed <<<<<<
[2025-07-12 11:33:38,235] 58 src.mlpipeline.logging - INFO - >>>>>> stage Model Training Stage started <<<<<<
[2025-07-12 11:33:38,237] 25 src.mlpipeline.logging - INFO - yaml file: config\config.yaml loaded sucessfully
[2025-07-12 11:33:38,238] 25 src.mlpipeline.logging - INFO - yaml file: config\params.yaml loaded sucessfully
[2025-07-12 11:33:38,239] 25 src.mlpipeline.logging - INFO - yaml file: config\schema.yaml loaded sucessfully
[2025-07-12 11:33:38,239] 44 src.mlpipeline.logging - INFO - Creating a Directory at: artifacts
[2025-07-12 11:33:38,239] 44 src.mlpipeline.logging - INFO - Creating a Directory at: artifacts/model_trainer
[2025-07-12 11:33:38,239] 15 src.mlpipeline.logging - INFO - Starting model training...
[2025-07-12 11:33:38,925] 21 src.mlpipeline.logging - INFO - Training data shape: (600000, 13)
[2025-07-12 11:33:38,925] 22 src.mlpipeline.logging - INFO - Test data shape: (150000, 13)
[2025-07-12 11:33:38,941] 33 src.mlpipeline.logging - INFO - Features used: ['Sex', 'Age', 'Height', 'Weight', 'Duration', 'Heart_Rate', 'Body_Temp', 'BMI', 'Calories_per_min', 'Age_Weight', 'Heart_Temp']
[2025-07-12 11:33:38,941] 34 src.mlpipeline.logging - INFO - Target: Calories
[2025-07-12 11:33:38,941] 44 src.mlpipeline.logging - INFO - Training RandomForest model...
[2025-07-12 11:34:22,974] 56 src.mlpipeline.logging - INFO - Model training completed!
[2025-07-12 11:34:22,974] 57 src.mlpipeline.logging - INFO - Test RMSE: 2.1024
[2025-07-12 11:34:22,974] 58 src.mlpipeline.logging - INFO - Test R2 Score: 0.9989
[2025-07-12 11:34:23,056] 67 src.mlpipeline.logging - INFO - Model saved to: artifacts\model_trainer\model.joblib
[2025-07-12 11:34:23,065] 61 src.mlpipeline.logging - INFO - >>>>>> stage Model Training Stage completed <<<<<<
[2025-07-12 11:34:23,065] 69 src.mlpipeline.logging - INFO - >>>>>> stage Model Evaluation Stage started <<<<<<
[2025-07-12 11:34:23,071] 25 src.mlpipeline.logging - INFO - yaml file: config\config.yaml loaded sucessfully
[2025-07-12 11:34:23,071] 25 src.mlpipeline.logging - INFO - yaml file: config\params.yaml loaded sucessfully
[2025-07-12 11:34:23,071] 25 src.mlpipeline.logging - INFO - yaml file: config\schema.yaml loaded sucessfully
[2025-07-12 11:34:23,071] 44 src.mlpipeline.logging - INFO - Creating a Directory at: artifacts
[2025-07-12 11:34:23,071] 44 src.mlpipeline.logging - INFO - Creating a Directory at: artifacts/model_evaluation
[2025-07-12 11:34:28,794] 58 src.mlpipeline.logging - INFO - json file saved at: artifacts\model_evaluation\metrics.json
[2025-07-12 11:34:29,531] 81 src.mlpipeline.logging - WARNING - Failed to log model to MLflow: INTERNAL_ERROR: Response: {'error': 'unsupported endpoint, please contact support@dagshub.com'}
[2025-07-12 11:34:29,531] 85 src.mlpipeline.logging - INFO - Model evaluation completed successfully
[2025-07-12 11:34:30,392] 72 src.mlpipeline.logging - INFO - >>>>>> stage Model Evaluation Stage completed <<<<<<
