[2025-07-12 10:26:55,035] 23 src.mlpipeline.logging - INFO - >>>>>> stage Data Ingestion Stage started <<<<<<
[2025-07-12 10:26:55,046] 25 src.mlpipeline.logging - INFO - yaml file: config\config.yaml loaded sucessfully
[2025-07-12 10:26:55,046] 25 src.mlpipeline.logging - INFO - yaml file: config\params.yaml loaded sucessfully
[2025-07-12 10:26:55,047] 25 src.mlpipeline.logging - INFO - yaml file: config\schema.yaml loaded sucessfully
[2025-07-12 10:26:55,048] 44 src.mlpipeline.logging - INFO - Creating a Directory at: artifacts
[2025-07-12 10:26:55,048] 44 src.mlpipeline.logging - INFO - Creating a Directory at: artifacts/data_ingestion
[2025-07-12 10:26:55,048] 35 src.mlpipeline.logging - INFO - artifacts\data_ingestion\train.csv already exists. Skipping download.
[2025-07-12 10:26:55,050] 44 src.mlpipeline.logging - INFO - No zip files found to extract.
[2025-07-12 10:26:55,050] 26 src.mlpipeline.logging - INFO - >>>>>> stage Data Ingestion Stage completed <<<<<<
[2025-07-12 10:26:55,050] 34 src.mlpipeline.logging - INFO - >>>>>> stage Data Validation Stage started <<<<<<
[2025-07-12 10:26:55,052] 25 src.mlpipeline.logging - INFO - yaml file: config\config.yaml loaded sucessfully
[2025-07-12 10:26:55,054] 25 src.mlpipeline.logging - INFO - yaml file: config\params.yaml loaded sucessfully
[2025-07-12 10:26:55,055] 25 src.mlpipeline.logging - INFO - yaml file: config\schema.yaml loaded sucessfully
[2025-07-12 10:26:55,056] 44 src.mlpipeline.logging - INFO - Creating a Directory at: artifacts
[2025-07-12 10:26:55,056] 44 src.mlpipeline.logging - INFO - Creating a Directory at: artifacts/data_validation
[2025-07-12 10:26:55,384] 23 src.mlpipeline.logging - INFO - Data columns: ['id', 'Sex', 'Age', 'Height', 'Weight', 'Duration', 'Heart_Rate', 'Body_Temp', 'Calories']
[2025-07-12 10:26:55,395] 24 src.mlpipeline.logging - INFO - Schema columns: ['id', 'Sex', 'Age', 'Height', 'Weight', 'Duration', 'Heart_Rate', 'Body_Temp', 'Calories']
[2025-07-12 10:26:55,395] 51 src.mlpipeline.logging - INFO - All columns validation passed!
[2025-07-12 10:26:55,399] 37 src.mlpipeline.logging - INFO - >>>>>> stage Data Validation Stage completed <<<<<<
[2025-07-12 10:26:55,399] 45 src.mlpipeline.logging - INFO - >>>>>> stage Data Transformation Stage started <<<<<<
[2025-07-12 10:26:55,403] 27 src.mlpipeline.logging - INFO - Validation status: True
[2025-07-12 10:26:55,403] 25 src.mlpipeline.logging - INFO - yaml file: config\config.yaml loaded sucessfully
[2025-07-12 10:26:55,403] 25 src.mlpipeline.logging - INFO - yaml file: config\params.yaml loaded sucessfully
[2025-07-12 10:26:55,403] 25 src.mlpipeline.logging - INFO - yaml file: config\schema.yaml loaded sucessfully
[2025-07-12 10:26:55,403] 44 src.mlpipeline.logging - INFO - Creating a Directory at: artifacts
[2025-07-12 10:26:55,403] 44 src.mlpipeline.logging - INFO - Creating a Directory at: artifacts/data_transformation
[2025-07-12 10:26:55,733] 16 src.mlpipeline.logging - INFO - Original data loaded: (750000, 9)
[2025-07-12 10:26:55,807] 20 src.mlpipeline.logging - INFO - Feature engineering completed: (750000, 13)
[2025-07-12 10:26:56,063] 34 src.mlpipeline.logging - INFO - Starting statistical tests...
[2025-07-12 10:26:56,360] 83 src.mlpipeline.logging - INFO - Statistical test results saved to artifacts\data_transformation\statstestresults.txt
[2025-07-12 10:27:00,863] 33 src.mlpipeline.logging - INFO - Train and test data split completed.
[2025-07-12 10:27:00,863] 34 src.mlpipeline.logging - INFO - Train data shape: (600000, 13)
[2025-07-12 10:27:00,863] 35 src.mlpipeline.logging - INFO - Test data shape: (150000, 13)
[2025-07-12 10:27:00,887] 48 src.mlpipeline.logging - INFO - >>>>>> stage Data Transformation Stage completed <<<<<<
