[2025-07-12 11:36:33,896] 1025 httpx - INFO - HTTP Request: GET https://dagshub.com/api/v1/user "HTTP/1.1 200 OK"
[2025-07-12 11:36:33,903] 107 dagshub - INFO - Accessing as abheshith7
[2025-07-12 11:36:34,338] 1025 httpx - INFO - HTTP Request: GET https://dagshub.com/api/v1/repos/abheshith7/MachineLearning_PipeLine "HTTP/1.1 200 OK"
[2025-07-12 11:36:34,748] 1025 httpx - INFO - HTTP Request: GET https://dagshub.com/api/v1/user "HTTP/1.1 200 OK"
[2025-07-12 11:36:34,753] 107 dagshub - INFO - Initialized MLflow to track repo "abheshith7/MachineLearning_PipeLine"
[2025-07-12 11:36:34,755] 107 dagshub - INFO - Repository abheshith7/MachineLearning_PipeLine initialized!
[2025-07-12 11:36:35,161] 1025 httpx - INFO - HTTP Request: GET https://dagshub.com/api/v1/repos/abheshith7/MachineLearning_PipeLine "HTTP/1.1 200 OK"
[2025-07-12 11:36:35,177] 107 dagshub - INFO - Initialized MLflow to track repo "abheshith7/MachineLearning_PipeLine"
[2025-07-12 11:36:35,177] 107 dagshub - INFO - Repository abheshith7/MachineLearning_PipeLine initialized!
[2025-07-12 11:36:35,177] 25 src.mlpipeline.logging - INFO - >>>>>> stage Data Ingestion Stage started <<<<<<
[2025-07-12 11:36:35,177] 25 src.mlpipeline.logging - INFO - yaml file: config\config.yaml loaded sucessfully
[2025-07-12 11:36:35,177] 25 src.mlpipeline.logging - INFO - yaml file: config\params.yaml loaded sucessfully
[2025-07-12 11:36:35,177] 25 src.mlpipeline.logging - INFO - yaml file: config\schema.yaml loaded sucessfully
[2025-07-12 11:36:35,177] 44 src.mlpipeline.logging - INFO - Creating a Directory at: artifacts
[2025-07-12 11:36:35,177] 44 src.mlpipeline.logging - INFO - Creating a Directory at: artifacts/data_ingestion
[2025-07-12 11:36:35,177] 35 src.mlpipeline.logging - INFO - artifacts\data_ingestion\train.csv already exists. Skipping download.
[2025-07-12 11:36:35,177] 44 src.mlpipeline.logging - INFO - No zip files found to extract.
[2025-07-12 11:36:35,177] 28 src.mlpipeline.logging - INFO - >>>>>> stage Data Ingestion Stage completed <<<<<<
[2025-07-12 11:36:35,177] 36 src.mlpipeline.logging - INFO - >>>>>> stage Data Validation Stage started <<<<<<
[2025-07-12 11:36:35,177] 25 src.mlpipeline.logging - INFO - yaml file: config\config.yaml loaded sucessfully
[2025-07-12 11:36:35,177] 25 src.mlpipeline.logging - INFO - yaml file: config\params.yaml loaded sucessfully
[2025-07-12 11:36:35,177] 25 src.mlpipeline.logging - INFO - yaml file: config\schema.yaml loaded sucessfully
[2025-07-12 11:36:35,177] 44 src.mlpipeline.logging - INFO - Creating a Directory at: artifacts
[2025-07-12 11:36:35,177] 44 src.mlpipeline.logging - INFO - Creating a Directory at: artifacts/data_validation
[2025-07-12 11:36:35,521] 23 src.mlpipeline.logging - INFO - Data columns: ['id', 'Sex', 'Age', 'Height', 'Weight', 'Duration', 'Heart_Rate', 'Body_Temp', 'Calories']
[2025-07-12 11:36:35,521] 24 src.mlpipeline.logging - INFO - Schema columns: ['id', 'Sex', 'Age', 'Height', 'Weight', 'Duration', 'Heart_Rate', 'Body_Temp', 'Calories']
[2025-07-12 11:36:35,521] 51 src.mlpipeline.logging - INFO - All columns validation passed!
[2025-07-12 11:36:35,538] 39 src.mlpipeline.logging - INFO - >>>>>> stage Data Validation Stage completed <<<<<<
[2025-07-12 11:36:35,538] 47 src.mlpipeline.logging - INFO - >>>>>> stage Data Transformation Stage started <<<<<<
[2025-07-12 11:36:35,538] 27 src.mlpipeline.logging - INFO - Validation status: True
[2025-07-12 11:36:35,538] 25 src.mlpipeline.logging - INFO - yaml file: config\config.yaml loaded sucessfully
[2025-07-12 11:36:35,538] 25 src.mlpipeline.logging - INFO - yaml file: config\params.yaml loaded sucessfully
[2025-07-12 11:36:35,538] 25 src.mlpipeline.logging - INFO - yaml file: config\schema.yaml loaded sucessfully
[2025-07-12 11:36:35,538] 44 src.mlpipeline.logging - INFO - Creating a Directory at: artifacts
[2025-07-12 11:36:35,538] 44 src.mlpipeline.logging - INFO - Creating a Directory at: artifacts/data_transformation
[2025-07-12 11:36:35,885] 16 src.mlpipeline.logging - INFO - Original data loaded: (750000, 9)
[2025-07-12 11:36:35,950] 20 src.mlpipeline.logging - INFO - Feature engineering completed: (750000, 13)
[2025-07-12 11:36:36,212] 34 src.mlpipeline.logging - INFO - Starting statistical tests...
[2025-07-12 11:36:36,474] 83 src.mlpipeline.logging - INFO - Statistical test results saved to artifacts\data_transformation\statstestresults.txt
[2025-07-12 11:36:41,020] 33 src.mlpipeline.logging - INFO - Train and test data split completed.
[2025-07-12 11:36:41,020] 34 src.mlpipeline.logging - INFO - Train data shape: (600000, 13)
[2025-07-12 11:36:41,020] 35 src.mlpipeline.logging - INFO - Test data shape: (150000, 13)
[2025-07-12 11:36:41,020] 50 src.mlpipeline.logging - INFO - >>>>>> stage Data Transformation Stage completed <<<<<<
[2025-07-12 11:36:41,020] 58 src.mlpipeline.logging - INFO - >>>>>> stage Model Training Stage started <<<<<<
[2025-07-12 11:36:41,037] 25 src.mlpipeline.logging - INFO - yaml file: config\config.yaml loaded sucessfully
[2025-07-12 11:36:41,038] 25 src.mlpipeline.logging - INFO - yaml file: config\params.yaml loaded sucessfully
[2025-07-12 11:36:41,039] 25 src.mlpipeline.logging - INFO - yaml file: config\schema.yaml loaded sucessfully
[2025-07-12 11:36:41,040] 44 src.mlpipeline.logging - INFO - Creating a Directory at: artifacts
[2025-07-12 11:36:41,040] 44 src.mlpipeline.logging - INFO - Creating a Directory at: artifacts/model_trainer
[2025-07-12 11:36:41,040] 15 src.mlpipeline.logging - INFO - Starting model training...
[2025-07-12 11:36:41,725] 21 src.mlpipeline.logging - INFO - Training data shape: (600000, 13)
[2025-07-12 11:36:41,725] 22 src.mlpipeline.logging - INFO - Test data shape: (150000, 13)
[2025-07-12 11:36:41,741] 33 src.mlpipeline.logging - INFO - Features used: ['Sex', 'Age', 'Height', 'Weight', 'Duration', 'Heart_Rate', 'Body_Temp', 'BMI', 'Calories_per_min', 'Age_Weight', 'Heart_Temp']
[2025-07-12 11:36:41,741] 34 src.mlpipeline.logging - INFO - Target: Calories
[2025-07-12 11:36:41,741] 44 src.mlpipeline.logging - INFO - Training RandomForest model...
[2025-07-12 11:37:23,924] 56 src.mlpipeline.logging - INFO - Model training completed!
[2025-07-12 11:37:23,926] 57 src.mlpipeline.logging - INFO - Test RMSE: 2.1024
[2025-07-12 11:37:23,926] 58 src.mlpipeline.logging - INFO - Test R2 Score: 0.9989
[2025-07-12 11:37:24,018] 67 src.mlpipeline.logging - INFO - Model saved to: artifacts\model_trainer\model.joblib
[2025-07-12 11:37:24,030] 61 src.mlpipeline.logging - INFO - >>>>>> stage Model Training Stage completed <<<<<<
[2025-07-12 11:37:24,030] 69 src.mlpipeline.logging - INFO - >>>>>> stage Model Evaluation Stage started <<<<<<
[2025-07-12 11:37:24,030] 25 src.mlpipeline.logging - INFO - yaml file: config\config.yaml loaded sucessfully
[2025-07-12 11:37:24,033] 25 src.mlpipeline.logging - INFO - yaml file: config\params.yaml loaded sucessfully
[2025-07-12 11:37:24,034] 25 src.mlpipeline.logging - INFO - yaml file: config\schema.yaml loaded sucessfully
[2025-07-12 11:37:24,035] 44 src.mlpipeline.logging - INFO - Creating a Directory at: artifacts
[2025-07-12 11:37:24,035] 44 src.mlpipeline.logging - INFO - Creating a Directory at: artifacts/model_evaluation
[2025-07-12 11:37:28,776] 58 src.mlpipeline.logging - INFO - json file saved at: artifacts\model_evaluation\metrics.json
[2025-07-12 11:37:29,472] 81 src.mlpipeline.logging - WARNING - Failed to log model to MLflow: INTERNAL_ERROR: Response: {'error': 'unsupported endpoint, please contact support@dagshub.com'}
[2025-07-12 11:37:29,473] 85 src.mlpipeline.logging - INFO - Model evaluation completed successfully
[2025-07-12 11:37:30,184] 72 src.mlpipeline.logging - INFO - >>>>>> stage Model Evaluation Stage completed <<<<<<
